<?xml version="1.0" encoding="UTF-8"?>
<testsuite xmlns:xsi="http://www.w3.org/2001/XMLSchema-instance" xsi:noNamespaceSchemaLocation="https://maven.apache.org/surefire/maven-surefire-plugin/xsd/surefire-test-report-3.0.xsd" version="3.0" name="cucumbertest.RunCucumberTest" time="10.816" tests="4" errors="0" skipped="0" failures="0">
  <properties>
[...]
</properties>
  <testcase name="Get users" classname="Validate User API" time="6.029">
    <system-out><![CDATA[
@TestGetUser
Scenario: Get users      &amp#27;[90m# src/test/resources/features/UserAPIValidation.feature:4&amp#27;[0m
HTTP/1.1 200 OK
Date: Wed, 28 Jul 2021 11:07:24 GMT
Content-Type: application/json; charset=utf-8
Transfer-Encoding: chunked
Connection: keep-alive
X-Powered-By: Express
Access-Control-Allow-Origin: *
Etag: W/"406-ut0vzoCuidvyMf8arZpMpJ6ZRDw"
Via: 1.1 vegur
Cache-Control: max-age=14400
CF-Cache-Status: HIT
Age: 1536
Expect-CT: max-age=604800, report-uri="https://report-uri.cloudflare.com/cdn-cgi/beacon/expect-ct"
Report-To: {"endpoints":[{"url":"https:\/\/a.nel.cloudflare.com\/report\/v3?s=lJYjrGTN%2BlSxuOb7Wr6WG4a3wEyUFjlxEzom%2BW6LL6bc2spwoN4heUtnGxZONg9%2Fp%2BANmBa1cxMhd4QhT2wsOqRuOCDmIU%2FPGZQJooPhP7JrRH0DLPel20I4hyE%3D"}],"group":"cf-nel","max_age":604800}
NEL: {"report_to":"cf-nel","max_age":604800}
Vary: Accept-Encoding
Server: cloudflare
CF-RAY: 675da4c5e8e01fcf-NRT
Content-Encoding: gzip
alt-svc: h3-27=":443"; ma=86400, h3-28=":443"; ma=86400, h3-29=":443"; ma=86400, h3=":443"; ma=86400

{
    "page": 2,
    "per_page": 6,
    "total": 12,
    "total_pages": 2,
    "data": [
        {
            "id": 7,
            "email": "michael.lawson@reqres.in",
            "first_name": "Michael",
            "last_name": "Lawson",
            "avatar": "https://reqres.in/img/faces/7-image.jpg"
        },
        {
            "id": 8,
            "email": "lindsay.ferguson@reqres.in",
            "first_name": "Lindsay",
            "last_name": "Ferguson",
            "avatar": "https://reqres.in/img/faces/8-image.jpg"
        },
        {
            "id": 9,
            "email": "tobias.funke@reqres.in",
            "first_name": "Tobias",
            "last_name": "Funke",
            "avatar": "https://reqres.in/img/faces/9-image.jpg"
        },
        {
            "id": 10,
            "email": "byron.fields@reqres.in",
            "first_name": "Byron",
            "last_name": "Fields",
            "avatar": "https://reqres.in/img/faces/10-image.jpg"
        },
        {
            "id": 11,
            "email": "george.edwards@reqres.in",
            "first_name": "George",
            "last_name": "Edwards",
            "avatar": "https://reqres.in/img/faces/11-image.jpg"
        },
        {
            "id": 12,
            "email": "rachel.howell@reqres.in",
            "first_name": "Rachel",
            "last_name": "Howell",
            "avatar": "https://reqres.in/img/faces/12-image.jpg"
        }
    ],
    "support": {
        "url": "https://reqres.in/#support-heading",
        "text": "To keep ReqRes free, contributions towards server costs are appreciated!"
    }
}
{
    "page": 2,
    "per_page": 6,
    "total": 12,
    "total_pages": 2,
    "data": [
        {
            "id": 7,
            "email": "michael.lawson@reqres.in",
            "first_name": "Michael",
            "last_name": "Lawson",
            "avatar": "https://reqres.in/img/faces/7-image.jpg"
        },
        {
            "id": 8,
            "email": "lindsay.ferguson@reqres.in",
            "first_name": "Lindsay",
            "last_name": "Ferguson",
            "avatar": "https://reqres.in/img/faces/8-image.jpg"
        },
        {
            "id": 9,
            "email": "tobias.funke@reqres.in",
            "first_name": "Tobias",
            "last_name": "Funke",
            "avatar": "https://reqres.in/img/faces/9-image.jpg"
        },
        {
            "id": 10,
            "email": "byron.fields@reqres.in",
            "first_name": "Byron",
            "last_name": "Fields",
            "avatar": "https://reqres.in/img/faces/10-image.jpg"
        },
        {
            "id": 11,
            "email": "george.edwards@reqres.in",
            "first_name": "George",
            "last_name": "Edwards",
            "avatar": "https://reqres.in/img/faces/11-image.jpg"
        },
        {
            "id": 12,
            "email": "rachel.howell@reqres.in",
            "first_name": "Rachel",
            "last_name": "Howell",
            "avatar": "https://reqres.in/img/faces/12-image.jpg"
        }
    ],
    "support": {
        "url": "https://reqres.in/#support-heading",
        "text": "To keep ReqRes free, contributions towards server costs are appreciated!"
    }
}
response: {
    "page": 2,
    "per_page": 6,
    "total": 12,
    "total_pages": 2,
    "data": [
        {
            "id": 7,
            "email": "michael.lawson@reqres.in",
            "first_name": "Michael",
            "last_name": "Lawson",
            "avatar": "https://reqres.in/img/faces/7-image.jpg"
        },
        {
            "id": 8,
            "email": "lindsay.ferguson@reqres.in",
            "first_name": "Lindsay",
            "last_name": "Ferguson",
            "avatar": "https://reqres.in/img/faces/8-image.jpg"
        },
        {
            "id": 9,
            "email": "tobias.funke@reqres.in",
            "first_name": "Tobias",
            "last_name": "Funke",
            "avatar": "https://reqres.in/img/faces/9-image.jpg"
        },
        {
            "id": 10,
            "email": "byron.fields@reqres.in",
            "first_name": "Byron",
            "last_name": "Fields",
            "avatar": "https://reqres.in/img/faces/10-image.jpg"
        },
        {
            "id": 11,
            "email": "george.edwards@reqres.in",
            "first_name": "George",
            "last_name": "Edwards",
            "avatar": "https://reqres.in/img/faces/11-image.jpg"
        },
        {
            "id": 12,
            "email": "rachel.howell@reqres.in",
            "first_name": "Rachel",
            "last_name": "Howell",
            "avatar": "https://reqres.in/img/faces/12-image.jpg"
        }
    ],
    "support": {
        "url": "https://reqres.in/#support-heading",
        "text": "To keep ReqRes free, contributions towards server costs are appreciated!"
    }
}
  &amp#27;[32mGiven &amp#27;[0m&amp#27;[32mVerify get users&amp#27;[0m &amp#27;[90m# steps.APIStepDefinitions.getUsers()&amp#27;[0m
]]></system-out>
  </testcase>
  <testcase name="Post users" classname="Validate User API" time="0.643">
    <system-out><![CDATA[
@TestPostUser
Scenario: Post users      &amp#27;[90m# src/test/resources/features/UserAPIValidation.feature:8&amp#27;[0m
HTTP/1.1 301 Moved Permanently
Date: Wed, 28 Jul 2021 11:07:26 GMT
Transfer-Encoding: chunked
Cache-Control: max-age=3600
Expires: Wed, 28 Jul 2021 12:07:26 GMT
Location: https://reqres.in/api/users
cf-request-id: 0b8e65571e0000204951189000000001
Report-To: {"endpoints":[{"url":"https:\/\/a.nel.cloudflare.com\/report\/v3?s=r4kaGq2t5upel8p9jzOoqtr%2Fqi13j1wYJDmSJG8b50d45xEit4eehWXXHlHPSTfVYut0OP3GFWRwgx1CXezFWQifJeXVV0GPsBeu%2FBY3ypdinijhrJXMZhCCuJA%3D"}],"group":"cf-nel","max_age":604800}
NEL: {"report_to":"cf-nel","max_age":604800}
Vary: Accept-Encoding
Server: cloudflare
CF-RAY: 675da4d1ccca2049-NRT
alt-svc: h3-27=":443"; ma=86400, h3-28=":443"; ma=86400, h3-29=":443"; ma=86400, h3=":443"; ma=86400
Proxy-Connection: keep-alive
  &amp#27;[32mGiven &amp#27;[0m&amp#27;[32mVerify post users&amp#27;[0m &amp#27;[90m# steps.APIStepDefinitions.postUsers()&amp#27;[0m
]]></system-out>
  </testcase>
  <testcase name="Update users" classname="Validate User API" time="0.466">
    <system-out><![CDATA[
@TestUpdateUser
Scenario: Update users      &amp#27;[90m# src/test/resources/features/UserAPIValidation.feature:12&amp#27;[0m
HTTP/1.1 301 Moved Permanently
Date: Wed, 28 Jul 2021 11:07:26 GMT
Transfer-Encoding: chunked
Cache-Control: max-age=3600
Expires: Wed, 28 Jul 2021 12:07:26 GMT
Location: https://reqres.in/api/users
cf-request-id: 0b8e6558ef0000342cda2f3000000001
Report-To: {"endpoints":[{"url":"https:\/\/a.nel.cloudflare.com\/report\/v3?s=Y%2BsHry%2BKcxJ4hAHyVghqaGDAoZVIBq8W5vF0scPLw7MTPKK6xfw23tkvf%2FkSgAGYJSIeK07DJu5IwUd8FkU%2B29vh8Ki7O0YChWQ62aUhhjjnXq54YjZg1R6Kx34%3D"}],"group":"cf-nel","max_age":604800}
NEL: {"report_to":"cf-nel","max_age":604800}
Vary: Accept-Encoding
Server: cloudflare
CF-RAY: 675da4d4b874342c-NRT
alt-svc: h3-27=":443"; ma=86400, h3-28=":443"; ma=86400, h3-29=":443"; ma=86400, h3=":443"; ma=86400
Proxy-Connection: keep-alive
  &amp#27;[32mGiven &amp#27;[0m&amp#27;[32mVerify update users&amp#27;[0m &amp#27;[90m# steps.APIStepDefinitions.patchUsers()&amp#27;[0m
]]></system-out>
  </testcase>
  <testcase name="Excel sheet scenarios using Apache POI" classname="Validate User API" time="2.597">
    <system-out><![CDATA[
@TestReadExcel
Scenario: Excel sheet scenarios using Apache POI &amp#27;[90m# src/test/resources/features/UserAPIValidation.feature:16&amp#27;[0m
Firstname | Lastname | EmpId | 
Andrew | Musk | 10010.0 | 
Mike | Slater | 10020.0 | 
  &amp#27;[32mGiven &amp#27;[0m&amp#27;[32mGet excel data rows&amp#27;[0m                      &amp#27;[90m# steps.APIStepDefinitions.getExcelRows()&amp#27;[0m
  &amp#27;[32mThen &amp#27;[0m&amp#27;[32mWrite a new excel of empDetail&amp#27;[0m            &amp#27;[90m# steps.APIStepDefinitions.writeExcel()&amp#27;[0m
]]></system-out>
  </testcase>
</testsuite>