<?xml version="1.0" encoding="UTF-8" ?>
<testsuite tests="4" failures="0" name="cucumbertest.RunCucumberTest" time="9.725" errors="0" skipped="0">
  <properties>
[...]
</properties>
  <testcase classname="Validate User API" name="Get users" time="7.152"/>
  <testcase classname="Validate User API" name="Post users" time="0.881"/>
  <testcase classname="Validate User API" name="Update users" time="0.759"/>
  <testcase classname="Validate User API" name="Excel sheet scenarios using Apache POI" time="0.933"/>
</testsuite>